TN:verilator_coverage
SF:rtl/M00/src/M00_SystolicArray.sv
DA:33,13573
DA:34,1
DA:37,2
DA:38,4
DA:39,22
DA:40,16
DA:41,3
DA:42,3
DA:51,0
DA:52,0
DA:53,0
DA:56,2
DA:57,0
DA:58,0
DA:59,0
DA:62,1
DA:63,1
DA:66,3
DA:98,16
DA:99,16
DA:102,16
DA:103,10
DA:104,10
DA:105,16
DA:106,6
DA:107,6
DA:108,6
DA:109,6
DA:110,16
DA:113,2
DA:114,0
DA:115,2
DA:116,10
DA:119,10
DA:120,17
DA:121,16
DA:122,17
DA:123,10
DA:124,17
DA:125,6
DA:126,17
DA:129,12
DA:130,14
DA:131,12
DA:132,1
DA:133,9
DA:134,14
DA:148,0
DA:149,6
DA:150,4
DA:151,3
DA:152,2
DA:155,1
DA:156,3
DA:157,4
DA:158,4
DA:159,2
DA:164,1
DA:165,1
DA:166,1
DA:167,1
DA:168,1
DA:174,1
DA:175,1
DA:176,1
DA:179,2
DA:180,2
DA:181,2
DA:185,2
DA:186,2
DA:187,2
DA:191,3
DA:192,3
DA:193,3
DA:200,6787
DA:201,6
DA:202,6
DA:203,6
DA:204,6
DA:205,6
DA:206,6
DA:207,8
DA:208,8
DA:209,8
DA:210,8
DA:211,8
DA:212,8
DA:220,6787
DA:221,6
DA:222,6
DA:223,34
DA:224,34
DA:225,325
DA:226,325
DA:231,6787
DA:232,6
DA:233,6
DA:234,34
DA:235,34
DA:236,963
DA:237,963
DA:242,6787
DA:243,6
DA:244,6
DA:245,34
DA:246,34
DA:247,325
DA:248,325
DA:253,6787
DA:254,6
DA:255,6
DA:256,34
DA:257,34
DA:258,1624
DA:259,5123
DA:266,1
DA:268,1
DA:272,1
DA:273,1
DA:276,1
DA:279,1
DA:282,1
DA:288,6787
DA:289,6
DA:290,6
DA:291,6781
DA:292,6781
DA:299,1
DA:300,1
DA:302,1
DA:303,41
DA:304,8
DA:305,8
DA:309,8
DA:311,3
DA:312,5
DA:313,3
DA:314,3
DA:318,325
DA:319,5
DA:320,5
DA:324,640
DA:325,5
DA:326,5
DA:330,325
DA:331,5
DA:332,5
DA:336,3
DA:337,0
DA:338,3
DA:342,323
DA:343,3
DA:344,3
DA:348,5123
DA:349,3
DA:350,3
DA:354,0
DA:355,0
DA:363,0
DA:365,0
DA:366,0
DA:367,0
DA:368,0
DA:369,0
DA:370,0
DA:371,0
DA:372,0
DA:373,0
DA:376,0
DA:377,0
DA:378,0
DA:379,0
DA:380,0
DA:381,0
DA:382,0
DA:383,0
DA:385,0
DA:386,0
DA:387,0
DA:388,0
DA:389,0
DA:390,0
DA:393,0
DA:394,0
DA:395,0
DA:398,0
DA:399,0
DA:400,0
DA:401,0
DA:404,0
DA:405,0
DA:406,0
DA:407,0
DA:410,0
DA:411,0
DA:412,0
DA:413,0
DA:416,0
DA:417,0
DA:418,0
DA:421,0
DA:422,0
DA:423,0
DA:424,0
DA:425,0
DA:428,0
DA:429,0
DA:430,0
DA:431,0
DA:432,0
DA:438,6787
DA:439,6
DA:440,6
DA:441,6781
DA:443,6781
DA:451,1
DA:452,1
DA:453,868864
DA:455,111214592
DA:456,111214592
DA:457,111214592
DA:460,111214592
DA:461,111214592
DA:462,111214592
DA:465,111214592
DA:474,6787
DA:475,6
DA:476,6
DA:477,768
DA:478,98304
DA:481,6781
DA:482,6781
DA:483,867968
DA:484,31426560
DA:486,26624
DA:487,26624
DA:490,2708480
DA:492,26848
DA:493,26848
DA:494,2681632
DA:495,2681632
DA:505,6787
DA:506,6
DA:507,6
DA:508,768
DA:509,98304
DA:512,6781
DA:513,6781
DA:514,867968
DA:515,31426560
DA:517,5373952
DA:518,53248
DA:519,53248
DA:520,5320704
DA:522,1330176
DA:523,3990528
DA:528,2708480
DA:529,26848
DA:530,26848
DA:531,2681632
DA:532,2681632
DA:542,6787
DA:543,6
DA:544,6
DA:545,768
DA:546,98304
DA:549,6781
DA:550,6781
DA:551,867968
DA:553,21504
DA:554,21504
DA:557,8082432
DA:565,2761728
DA:566,5320704
DA:567,2761728
DA:568,2761728
DA:573,8082432
DA:574,8082432
DA:575,8082432
DA:576,8082432
DA:577,8082432
DA:578,8082432
DA:579,8082432
DA:580,8082432
DA:593,8082432
DA:608,8082432
DA:609,1576960
DA:612,1576960
DA:613,1576960
DA:616,132096
DA:618,132096
DA:619,132096
DA:622,6307840
DA:624,6307840
DA:625,6307840
DA:628,65536
DA:630,65536
DA:631,65536
DA:634,0
DA:635,0
DA:640,8082432
DA:642,0
DA:643,0
DA:644,0
DA:645,0
DA:649,8082432
DA:656,6787
DA:657,6
DA:658,6
DA:659,768
DA:660,98304
DA:663,6781
DA:664,6781
DA:666,26944
DA:667,26944
DA:669,26944
DA:670,26944
DA:671,26944
DA:672,26944
DA:673,26944
DA:674,26944
DA:678,295136
DA:679,295136
DA:680,295136
DA:681,295136
DA:682,295136
DA:683,295136
DA:684,295136
DA:685,295136
DA:695,322080
DA:705,322080
DA:706,270528
DA:709,270528
DA:710,270528
DA:713,33856
DA:715,33856
DA:716,33856
DA:719,16640
DA:721,16640
DA:722,16640
DA:725,1056
DA:727,1056
DA:730,0
DA:731,0
DA:735,322080
DA:742,1
DA:743,1
DA:744,1
DA:746,325
DA:748,325
DA:749,14656
DA:750,26944
DA:751,26944
DA:754,1340
DA:756,5123
DA:757,655744
DA:758,17847296
DA:759,17847296
DA:760,17847296
DA:761,17847296
DA:762,17847296
DA:779,1
end_of_record
SF:tb/tb_M00_SystolicArray.sv
DA:7,13573
DA:21,13573
DA:22,1
DA:23,2
DA:24,4
DA:25,22
DA:26,16
DA:27,3
DA:28,3
DA:33,0
DA:34,0
DA:35,0
DA:36,2
DA:37,0
DA:38,0
DA:39,0
DA:40,1
DA:41,1
DA:42,3
DA:103,16
DA:104,6786
DA:105,6786
DA:111,1
DA:112,1
DA:113,1
DA:114,1
DA:115,1
DA:116,1
DA:118,1
DA:119,1
DA:120,1
DA:121,1
DA:122,1
DA:123,1
DA:124,1
DA:125,1
DA:126,1
DA:127,1
DA:128,1
DA:129,1
DA:130,1
DA:131,1
DA:132,1
DA:133,1
DA:139,6787
DA:140,6787
DA:146,6787
DA:147,6787
DA:148,6
DA:149,1
DA:150,1
DA:151,1
DA:152,1
DA:153,5
DA:154,5
DA:158,3
DA:159,1
DA:160,1
DA:161,1
DA:162,1
DA:163,2
DA:164,2
DA:168,134
DA:169,1
DA:170,1
DA:171,1
DA:172,1
DA:173,1
DA:174,1
DA:175,1
DA:176,1
DA:177,1
DA:178,1
DA:179,1
DA:180,1
DA:181,1
DA:182,1
DA:183,1
DA:184,1
DA:185,1
DA:186,1
DA:187,1
DA:188,1
DA:189,131
DA:190,131
DA:194,262
DA:195,1
DA:196,1
DA:197,1
DA:198,1
DA:199,1
DA:200,1
DA:201,1
DA:202,1
DA:203,1
DA:204,1
DA:205,1
DA:206,1
DA:207,1
DA:208,1
DA:209,1
DA:210,1
DA:211,1
DA:212,1
DA:213,1
DA:214,1
DA:215,1
DA:216,259
DA:217,259
DA:221,262
DA:222,1
DA:223,1
DA:224,1
DA:225,1
DA:226,1
DA:227,1
DA:228,1
DA:229,1
DA:230,1
DA:231,1
DA:232,1
DA:233,1
DA:234,1
DA:235,1
DA:236,1
DA:237,1
DA:238,1
DA:239,259
DA:240,259
DA:244,518
DA:245,1
DA:246,1
DA:247,1
DA:248,1
DA:249,1
DA:250,1
DA:251,1
DA:252,1
DA:253,1
DA:254,1
DA:255,1
DA:256,1
DA:257,1
DA:258,1
DA:259,1
DA:260,1
DA:261,1
DA:262,1
DA:263,1
DA:264,1
DA:265,515
DA:266,515
DA:270,134
DA:271,1
DA:272,1
DA:273,1
DA:274,1
DA:275,1
DA:276,1
DA:277,1
DA:278,1
DA:279,1
DA:280,1
DA:281,1
DA:282,1
DA:283,1
DA:284,1
DA:285,1
DA:286,1
DA:287,1
DA:288,1
DA:289,1
DA:290,131
DA:291,131
DA:295,1095
DA:296,1
DA:297,1
DA:298,1
DA:299,1
DA:300,1
DA:301,1
DA:302,1
DA:303,1
DA:304,1
DA:305,1
DA:306,1
DA:307,1
DA:308,1
DA:309,1
DA:310,1
DA:311,1
DA:312,1
DA:313,1
DA:314,1
DA:315,1
DA:316,1
DA:317,1092
DA:318,1092
DA:322,4231
DA:323,1
DA:324,1
DA:325,1
DA:326,1
DA:327,1
DA:328,1
DA:329,1
DA:330,1
DA:331,1
DA:332,1
DA:333,1
DA:334,1
DA:335,1
DA:336,1
DA:337,1
DA:338,1
DA:339,1
DA:340,1
DA:341,1
DA:342,4228
DA:343,4228
DA:347,135
DA:348,1
DA:349,1
DA:350,1
DA:351,1
DA:352,1
DA:353,1
DA:354,1
DA:355,1
DA:356,1
DA:357,1
DA:358,1
DA:359,1
DA:360,1
DA:361,1
DA:362,1
DA:363,1
DA:364,1
DA:365,1
DA:366,1
DA:367,132
DA:368,132
DA:372,2
DA:373,1
DA:374,1
DA:375,1
DA:376,1
DA:377,1
DA:378,1
DA:379,1
DA:380,1
DA:381,1
DA:382,1
DA:383,0
DA:384,1
DA:385,0
DA:386,1
DA:387,1
DA:388,0
DA:389,0
DA:390,0
DA:392,1
DA:393,1
DA:394,0
DA:395,0
DA:399,2
DA:400,1
DA:401,1
DA:402,1
DA:403,1
DA:404,1
DA:405,1
DA:406,0
DA:407,1
DA:408,0
DA:409,1
DA:410,1
DA:411,0
DA:412,0
DA:413,0
DA:415,1
DA:416,1
DA:417,0
DA:418,0
DA:422,2
DA:423,1
DA:424,1
DA:425,1
DA:426,1
DA:427,1
DA:428,1
DA:429,1
DA:430,0
DA:431,1
DA:432,0
DA:433,1
DA:434,1
DA:435,0
DA:436,0
DA:437,0
DA:439,1
DA:440,1
DA:441,0
DA:442,0
DA:446,1
DA:447,1
DA:448,1
DA:449,1
DA:450,1
DA:451,1
end_of_record
